2024-09-19 10:16:50,967 - INFO - Processed report from Amarr at 9x4x1
2024-09-19 10:16:52,345 - INFO - Processed report from Amarr at 9x9x1
2024-09-19 11:16:16,311 - INFO - Processed report from esox at 9x42x2
2024-09-19 11:20:33,666 - INFO - Processed report from Spike at 9x11x2
2024-09-19 12:28:24,924 - INFO - Total Raidable Resources: 252548.0
2024-09-19 12:28:24,925 - INFO - Resource: crystals, Raidable Amount: 97855.0
2024-09-19 12:28:24,925 - INFO - Resource: frubin, Raidable Amount: 30528.0
2024-09-19 12:28:24,925 - INFO - Resource: frurozin, Raidable Amount: 32263.0
2024-09-19 12:28:24,925 - INFO - Resource: gold, Raidable Amount: 0.0
2024-09-19 12:28:24,925 - INFO - Resource: orizin, Raidable Amount: 4314.0
2024-09-19 12:28:24,925 - INFO - Resource: pig-iron, Raidable Amount: 87588.0
2024-09-19 12:50:24,932 - INFO - Processed report from Spike at 9x11x2
2024-09-19 13:16:12,894 - INFO - Processed report from Spike at 9x11x2
2024-09-19 13:16:44,863 - INFO - Processed report from esox at 9x42x2
2024-09-19 13:43:43,381 - INFO - Processed report from _Eren_Jäger_ at 1x37x3
2024-09-19 13:43:44,966 - INFO - Processed report from Amarr at 9x9x1
2024-09-19 13:43:46,437 - INFO - Processed report from Amarr at 9x4x1
2024-09-19 13:43:47,804 - INFO - Processed report from esox at 9x42x2
2024-09-19 13:43:49,174 - INFO - Processed report from Spike at 9x11x2
2024-09-19 13:43:50,546 - INFO - Processed report from _Eren_Jäger_ at 1x37x3
2024-09-19 13:43:52,093 - INFO - Processed report from Floppy at 1x35x1
2024-09-19 13:43:53,604 - INFO - Processed report from _Eren_Jäger_ at 1x39x3
2024-09-19 13:43:55,101 - INFO - Processed report from _Eren_Jäger_ at 1x39x1
2024-09-19 13:43:56,503 - INFO - Processed report from _Eren_Jäger_ at 1x37x3
2024-09-19 13:43:57,871 - INFO - Processed report from esox at 9x42x2
2024-09-19 13:43:59,246 - INFO - Processed report from Spike at 9x11x2
2024-09-19 13:44:00,594 - INFO - Processed report from Planet not colonized at 1x30x5
